#
# There is insufficient memory for the Java Runtime Environment to continue.
# Native memory allocation (malloc) failed to allocate 32744 bytes for ChunkPool::allocate
# Possible reasons:
#   The system is out of physical RAM or swap space
#   The process is running with CompressedOops enabled, and the Java Heap may be blocking the growth of the native heap
# Possible solutions:
#   Reduce memory load on the system
#   Increase physical memory or swap space
#   Check if swap backing store is full
#   Decrease Java heap size (-Xmx/-Xms)
#   Decrease number of Java threads
#   Decrease Java thread stack sizes (-Xss)
#   Set larger code cache with -XX:ReservedCodeCacheSize=
#   JVM is running with Zero Based Compressed Oops mode in which the Java heap is
#     placed in the first 32GB address space. The Java Heap base address is the
#     maximum limit for the native heap growth. Please use -XX:HeapBaseMinAddress
#     to set the Java Heap base and to place the Java Heap above 32GB virtual address.
# This output file may be truncated or incomplete.
#
#  Out of Memory Error (allocation.cpp:272), pid=25608, tid=0x00000000000075b4
#
# JRE version: Java(TM) SE Runtime Environment (8.0_241-b07) (build 1.8.0_241-b07)
# Java VM: Java HotSpot(TM) 64-Bit Server VM (25.241-b07 mixed mode windows-amd64 compressed oops)
# Failed to write core dump. Minidumps are not enabled by default on client versions of Windows
#

---------------  T H R E A D  ---------------

Current thread (0x000000001e838800):  JavaThread "C2 CompilerThread1" daemon [_thread_in_native, id=30132, stack(0x000000001f220000,0x000000001f320000)]

Stack: [0x000000001f220000,0x000000001f320000]
[error occurred during error reporting (printing stack bounds), id 0xc0000005]

Native frames: (J=compiled Java code, j=interpreted, Vv=VM code, C=native code)


Current CompileTask:
C2:  15538 5446   !   4       org.apache.maven.model.Model::clone (502 bytes)


---------------  P R O C E S S  ---------------

Java Threads: ( => current thread )
  0x000000001e8d0800 JavaThread "Service Thread" daemon [_thread_blocked, id=33132, stack(0x000000001f520000,0x000000001f620000)]
  0x000000001e88d000 JavaThread "C1 CompilerThread3" daemon [_thread_blocked, id=12676, stack(0x000000001f420000,0x000000001f520000)]
  0x000000001e858000 JavaThread "C2 CompilerThread2" daemon [_thread_in_native, id=20660, stack(0x000000001f320000,0x000000001f420000)]
=>0x000000001e838800 JavaThread "C2 CompilerThread1" daemon [_thread_in_native, id=30132, stack(0x000000001f220000,0x000000001f320000)]
  0x000000001e833000 JavaThread "C2 CompilerThread0" daemon [_thread_in_native, id=32596, stack(0x000000001f120000,0x000000001f220000)]
  0x000000001e830000 JavaThread "Attach Listener" daemon [_thread_blocked, id=21812, stack(0x000000001f020000,0x000000001f120000)]
  0x000000001e82e000 JavaThread "Signal Dispatcher" daemon [_thread_blocked, id=21680, stack(0x000000001ef20000,0x000000001f020000)]
  0x0000000002f18000 JavaThread "Finalizer" daemon [_thread_blocked, id=21364, stack(0x000000001ed00000,0x000000001ee00000)]
  0x000000001e820800 JavaThread "Reference Handler" daemon [_thread_blocked, id=28816, stack(0x000000001ec00000,0x000000001ed00000)]
  0x0000000002e22800 JavaThread "main" [_thread_blocked, id=24732, stack(0x0000000002cc0000,0x0000000002dc0000)]

Other Threads:
  0x000000001ca29800 VMThread [stack: 0x000000001e700000,0x000000001e800000] [id=23108]
  0x000000001e8a7000 WatcherThread [stack: 0x000000001f620000,0x000000001f720000] [id=32936]

VM state:at safepoint (normal execution)

VM Mutex/Monitor currently owned by a thread:  ([mutex/lock_event])
[0x0000000002ffd7b0] Threads_lock - owner thread: 0x000000001ca29800
[0x0000000002e20c50] Heap_lock - owner thread: 0x0000000002e22800

heap address: 0x00000006c1a00000, size: 4070 MB, Compressed Oops mode: Zero based, Oop shift amount: 3
Narrow klass base: 0x0000000000000000, Narrow klass shift: 3
Compressed class space size: 1073741824 Address: 0x00000007c0000000

Heap:
 PSYoungGen      total 104448K, used 100126K [0x000000076b380000, 0x0000000773d00000, 0x00000007c0000000)
  eden space 87552K, 100% used [0x000000076b380000,0x0000000770900000,0x0000000770900000)
  from space 16896K, 74% used [0x0000000770900000,0x0000000771547b50,0x0000000771980000)
  to   space 16896K, 44% used [0x0000000772c80000,0x00000007733f46e8,0x0000000773d00000)
 ParOldGen       total 124928K, used 15974K [0x00000006c1a00000, 0x00000006c9400000, 0x000000076b380000)
  object space 124928K, 12% used [0x00000006c1a00000,0x00000006c2999a98,0x00000006c9400000)
 Metaspace       used 32803K, capacity 33626K, committed 33920K, reserved 1079296K
  class space    used 3893K, capacity 4198K, committed 4224K, reserved 1048576K

Card table byte_map: [0x00000000123c0000,0x0000000012bc0000] byte_map_base: 0x000000000edb3000

Marking Bits: (ParMarkBitMap*) 0x0000000061b8be30
 Begin Bits: [0x0000000013910000, 0x00000000178a8000)
 End Bits:   [0x00000000178a8000, 0x000000001b840000)

Polling page: 0x0000000002dc0000

CodeCache: size=245760Kb used=19960Kb max_used=19960Kb free=225799Kb
 bounds [0x0000000003000000, 0x0000000004390000, 0x0000000012000000]
 total_blobs=5447 nmethods=5026 adapters=332
 compilation: enabled

Compilation events (10 events):
Event: 15.489 Thread 0x000000001e88d000 5646       3       org.apache.bcel.classfile.ClassParser::readClassInfo (113 bytes)
Event: 15.490 Thread 0x000000001e88d000 nmethod 5646 0x0000000004389cd0 code [0x0000000004389f00, 0x000000000438ab58]
Event: 15.490 Thread 0x000000001e88d000 5645       3       org.apache.maven.shared.jar.classes.ImportVisitor::<init> (24 bytes)
Event: 15.490 Thread 0x000000001e88d000 nmethod 5645 0x000000000438b050 code [0x000000000438b1e0, 0x000000000438b668]
Event: 15.496 Thread 0x000000001e88d000 5647       3       org.apache.bcel.classfile.ExceptionTable::<init> (58 bytes)
Event: 15.497 Thread 0x000000001e88d000 nmethod 5647 0x000000000438b890 code [0x000000000438ba40, 0x000000000438c0f8]
Event: 15.497 Thread 0x000000001e88d000 5648       3       org.apache.bcel.classfile.ExceptionTable::<init> (25 bytes)
Event: 15.497 Thread 0x000000001e88d000 nmethod 5648 0x000000000438c450 code [0x000000000438c5c0, 0x000000000438c8f0]
Event: 15.497 Thread 0x000000001e88d000 5649       3       org.apache.bcel.classfile.DescendingVisitor::visitExceptionTable (26 bytes)
Event: 15.498 Thread 0x000000001e88d000 nmethod 5649 0x000000000438ca10 code [0x000000000438cc20, 0x000000000438dbc8]

GC Heap History (10 events):
Event: 7.937 GC heap before
{Heap before GC invocations=6 (full 1):
 PSYoungGen      total 74752K, used 10736K [0x000000076b380000, 0x0000000771300000, 0x00000007c0000000)
  eden space 64000K, 0% used [0x000000076b380000,0x000000076b380000,0x000000076f200000)
  from space 10752K, 99% used [0x000000076f380000,0x000000076fdfc3f0,0x000000076fe00000)
  to   space 16896K, 0% used [0x0000000770280000,0x0000000770280000,0x0000000771300000)
 ParOldGen       total 175104K, used 9402K [0x00000006c1a00000, 0x00000006cc500000, 0x000000076b380000)
  object space 175104K, 5% used [0x00000006c1a00000,0x00000006c232ebd8,0x00000006cc500000)
 Metaspace       used 20675K, capacity 21170K, committed 21296K, reserved 1069056K
  class space    used 2522K, capacity 2686K, committed 2688K, reserved 1048576K
Event: 8.003 GC heap after
Heap after GC invocations=6 (full 1):
 PSYoungGen      total 74752K, used 0K [0x000000076b380000, 0x0000000771300000, 0x00000007c0000000)
  eden space 64000K, 0% used [0x000000076b380000,0x000000076b380000,0x000000076f200000)
  from space 10752K, 0% used [0x000000076f380000,0x000000076f380000,0x000000076fe00000)
  to   space 16896K, 0% used [0x0000000770280000,0x0000000770280000,0x0000000771300000)
 ParOldGen       total 124928K, used 15942K [0x00000006c1a00000, 0x00000006c9400000, 0x000000076b380000)
  object space 124928K, 12% used [0x00000006c1a00000,0x00000006c2991a98,0x00000006c9400000)
 Metaspace       used 20675K, capacity 21170K, committed 21296K, reserved 1069056K
  class space    used 2522K, capacity 2686K, committed 2688K, reserved 1048576K
}
Event: 9.699 GC heap before
{Heap before GC invocations=7 (full 1):
 PSYoungGen      total 74752K, used 64000K [0x000000076b380000, 0x0000000771300000, 0x00000007c0000000)
  eden space 64000K, 100% used [0x000000076b380000,0x000000076f200000,0x000000076f200000)
  from space 10752K, 0% used [0x000000076f380000,0x000000076f380000,0x000000076fe00000)
  to   space 16896K, 0% used [0x0000000770280000,0x0000000770280000,0x0000000771300000)
 ParOldGen       total 124928K, used 15942K [0x00000006c1a00000, 0x00000006c9400000, 0x000000076b380000)
  object space 124928K, 12% used [0x00000006c1a00000,0x00000006c2991a98,0x00000006c9400000)
 Metaspace       used 22966K, capacity 23622K, committed 23936K, reserved 1071104K
  class space    used 2854K, capacity 3076K, committed 3200K, reserved 1048576K
Event: 9.704 GC heap after
Heap after GC invocations=7 (full 1):
 PSYoungGen      total 80384K, used 5950K [0x000000076b380000, 0x0000000772c80000, 0x00000007c0000000)
  eden space 63488K, 0% used [0x000000076b380000,0x000000076b380000,0x000000076f180000)
  from space 16896K, 35% used [0x0000000770280000,0x000000077084fbb0,0x0000000771300000)
  to   space 17408K, 0% used [0x000000076f180000,0x000000076f180000,0x0000000770280000)
 ParOldGen       total 124928K, used 15950K [0x00000006c1a00000, 0x00000006c9400000, 0x000000076b380000)
  object space 124928K, 12% used [0x00000006c1a00000,0x00000006c2993a98,0x00000006c9400000)
 Metaspace       used 22966K, capacity 23622K, committed 23936K, reserved 1071104K
  class space    used 2854K, capacity 3076K, committed 3200K, reserved 1048576K
}
Event: 10.462 GC heap before
{Heap before GC invocations=8 (full 1):
 PSYoungGen      total 80384K, used 69438K [0x000000076b380000, 0x0000000772c80000, 0x00000007c0000000)
  eden space 63488K, 100% used [0x000000076b380000,0x000000076f180000,0x000000076f180000)
  from space 16896K, 35% used [0x0000000770280000,0x000000077084fbb0,0x0000000771300000)
  to   space 17408K, 0% used [0x000000076f180000,0x000000076f180000,0x0000000770280000)
 ParOldGen       total 124928K, used 15950K [0x00000006c1a00000, 0x00000006c9400000, 0x000000076b380000)
  object space 124928K, 12% used [0x00000006c1a00000,0x00000006c2993a98,0x00000006c9400000)
 Metaspace       used 26506K, capacity 27120K, committed 27392K, reserved 1073152K
  class space    used 3238K, capacity 3473K, committed 3584K, reserved 1048576K
Event: 10.465 GC heap after
Heap after GC invocations=8 (full 1):
 PSYoungGen      total 80896K, used 6731K [0x000000076b380000, 0x0000000772c00000, 0x00000007c0000000)
  eden space 63488K, 0% used [0x000000076b380000,0x000000076b380000,0x000000076f180000)
  from space 17408K, 38% used [0x000000076f180000,0x000000076f812c38,0x0000000770280000)
  to   space 17920K, 0% used [0x0000000771a80000,0x0000000771a80000,0x0000000772c00000)
 ParOldGen       total 124928K, used 15958K [0x00000006c1a00000, 0x00000006c9400000, 0x000000076b380000)
  object space 124928K, 12% used [0x00000006c1a00000,0x00000006c2995a98,0x00000006c9400000)
 Metaspace       used 26506K, capacity 27120K, committed 27392K, reserved 1073152K
  class space    used 3238K, capacity 3473K, committed 3584K, reserved 1048576K
}
Event: 12.295 GC heap before
{Heap before GC invocations=9 (full 1):
 PSYoungGen      total 80896K, used 70219K [0x000000076b380000, 0x0000000772c00000, 0x00000007c0000000)
  eden space 63488K, 100% used [0x000000076b380000,0x000000076f180000,0x000000076f180000)
  from space 17408K, 38% used [0x000000076f180000,0x000000076f812c38,0x0000000770280000)
  to   space 17920K, 0% used [0x0000000771a80000,0x0000000771a80000,0x0000000772c00000)
 ParOldGen       total 124928K, used 15958K [0x00000006c1a00000, 0x00000006c9400000, 0x000000076b380000)
  object space 124928K, 12% used [0x00000006c1a00000,0x00000006c2995a98,0x00000006c9400000)
 Metaspace       used 29078K, capacity 29766K, committed 29952K, reserved 1075200K
  class space    used 3537K, capacity 3775K, committed 3840K, reserved 1048576K
Event: 12.304 GC heap after
Heap after GC invocations=9 (full 1):
 PSYoungGen      total 103424K, used 10661K [0x000000076b380000, 0x0000000772a00000, 0x00000007c0000000)
  eden space 87552K, 0% used [0x000000076b380000,0x000000076b380000,0x0000000770900000)
  from space 15872K, 67% used [0x0000000771a80000,0x00000007724e9610,0x0000000772a00000)
  to   space 16896K, 0% used [0x0000000770900000,0x0000000770900000,0x0000000771980000)
 ParOldGen       total 124928K, used 15966K [0x00000006c1a00000, 0x00000006c9400000, 0x000000076b380000)
  object space 124928K, 12% used [0x00000006c1a00000,0x00000006c2997a98,0x00000006c9400000)
 Metaspace       used 29078K, capacity 29766K, committed 29952K, reserved 1075200K
  class space    used 3537K, capacity 3775K, committed 3840K, reserved 1048576K
}
Event: 14.184 GC heap before
{Heap before GC invocations=10 (full 1):
 PSYoungGen      total 103424K, used 98213K [0x000000076b380000, 0x0000000772a00000, 0x00000007c0000000)
  eden space 87552K, 100% used [0x000000076b380000,0x0000000770900000,0x0000000770900000)
  from space 15872K, 67% used [0x0000000771a80000,0x00000007724e9610,0x0000000772a00000)
  to   space 16896K, 0% used [0x0000000770900000,0x0000000770900000,0x0000000771980000)
 ParOldGen       total 124928K, used 15966K [0x00000006c1a00000, 0x00000006c9400000, 0x000000076b380000)
  object space 124928K, 12% used [0x00000006c1a00000,0x00000006c2997a98,0x00000006c9400000)
 Metaspace       used 31499K, capacity 32258K, committed 32512K, reserved 1077248K
  class space    used 3750K, capacity 4045K, committed 4096K, reserved 1048576K
Event: 14.192 GC heap after
Heap after GC invocations=10 (full 1):
 PSYoungGen      total 104448K, used 12574K [0x000000076b380000, 0x0000000773d00000, 0x00000007c0000000)
  eden space 87552K, 0% used [0x000000076b380000,0x000000076b380000,0x0000000770900000)
  from space 16896K, 74% used [0x0000000770900000,0x0000000771547b50,0x0000000771980000)
  to   space 16896K, 0% used [0x0000000772c80000,0x0000000772c80000,0x0000000773d00000)
 ParOldGen       total 124928K, used 15974K [0x00000006c1a00000, 0x00000006c9400000, 0x000000076b380000)
  object space 124928K, 12% used [0x00000006c1a00000,0x00000006c2999a98,0x00000006c9400000)
 Metaspace       used 31499K, capacity 32258K, committed 32512K, reserved 1077248K
  class space    used 3750K, capacity 4045K, committed 4096K, reserved 1048576K
}

Deoptimization events (10 events):
Event: 14.638 Thread 0x0000000002e22800 Uncommon trap: reason=bimorphic action=maybe_recompile pc=0x000000000339818c method=java.util.HashMap.putVal(ILjava/lang/Object;Ljava/lang/Object;ZZ)Ljava/lang/Object; @ 253
Event: 14.662 Thread 0x0000000002e22800 Uncommon trap: reason=bimorphic action=maybe_recompile pc=0x000000000339818c method=java.util.HashMap.putVal(ILjava/lang/Object;Ljava/lang/Object;ZZ)Ljava/lang/Object; @ 253
Event: 14.702 Thread 0x0000000002e22800 Uncommon trap: reason=bimorphic action=maybe_recompile pc=0x000000000339818c method=java.util.HashMap.putVal(ILjava/lang/Object;Ljava/lang/Object;ZZ)Ljava/lang/Object; @ 253
Event: 14.717 Thread 0x0000000002e22800 Uncommon trap: reason=bimorphic action=maybe_recompile pc=0x000000000339818c method=java.util.HashMap.putVal(ILjava/lang/Object;Ljava/lang/Object;ZZ)Ljava/lang/Object; @ 253
Event: 14.726 Thread 0x0000000002e22800 Uncommon trap: reason=bimorphic action=maybe_recompile pc=0x0000000003397150 method=java.util.HashMap.putVal(ILjava/lang/Object;Ljava/lang/Object;ZZ)Ljava/lang/Object; @ 253
Event: 15.145 Thread 0x0000000002e22800 Uncommon trap: reason=bimorphic action=maybe_recompile pc=0x0000000004129630 method=java.util.regex.Pattern$5.isSatisfiedBy(I)Z @ 16
Event: 15.145 Thread 0x0000000002e22800 Uncommon trap: reason=bimorphic action=maybe_recompile pc=0x0000000004129630 method=java.util.regex.Pattern$5.isSatisfiedBy(I)Z @ 16
Event: 15.145 Thread 0x0000000002e22800 Uncommon trap: reason=bimorphic action=maybe_recompile pc=0x0000000004129630 method=java.util.regex.Pattern$5.isSatisfiedBy(I)Z @ 16
Event: 15.145 Thread 0x0000000002e22800 Uncommon trap: reason=bimorphic action=maybe_recompile pc=0x0000000004129630 method=java.util.regex.Pattern$5.isSatisfiedBy(I)Z @ 16
Event: 15.209 Thread 0x0000000002e22800 Uncommon trap: reason=unstable_if action=reinterpret pc=0x00000000037e2fa0 method=java.util.regex.Pattern$CharProperty.match(Ljava/util/regex/Matcher;ILjava/lang/CharSequence;)Z @ 40

Classes redefined (0 events):
No events

Internal exceptions (10 events):
Event: 10.100 Thread 0x0000000002e22800 Exception <a 'java/io/FileNotFoundException'> (0x000000076e287258) thrown at [C:\ade\jenkins\workspace\8-2-build-windows-amd64-cygwin\jdk8u241\331\hotspot\src\share\vm\prims\jni.cpp, line 710]
Event: 10.125 Thread 0x0000000002e22800 Exception <a 'java/lang/NoSuchFieldError': method resolution failed> (0x000000076e351808) thrown at [C:\ade\jenkins\workspace\8-2-build-windows-amd64-cygwin\jdk8u241\331\hotspot\src\share\vm\prims\methodHandles.cpp, line 1167]
Event: 10.126 Thread 0x0000000002e22800 Exception <a 'java/lang/NoSuchFieldError': method resolution failed> (0x000000076e35f298) thrown at [C:\ade\jenkins\workspace\8-2-build-windows-amd64-cygwin\jdk8u241\331\hotspot\src\share\vm\prims\methodHandles.cpp, line 1167]
Event: 10.947 Thread 0x0000000002e22800 Implicit null exception at 0x0000000003eee78a to 0x0000000003ef34e1
Event: 11.674 Thread 0x0000000002e22800 Exception <a 'java/lang/NoClassDefFoundError': org/sonatype/aether/graph/DependencyNode> (0x000000076dc63510) thrown at [C:\ade\jenkins\workspace\8-2-build-windows-amd64-cygwin\jdk8u241\331\hotspot\src\share\vm\classfile\systemDictionary.cpp, line 199]
Event: 12.548 Thread 0x0000000002e22800 Implicit null exception at 0x000000000324f996 to 0x000000000324fd41
Event: 12.548 Thread 0x0000000002e22800 Implicit null exception at 0x0000000003201f96 to 0x0000000003202339
Event: 12.777 Thread 0x0000000002e22800 Implicit null exception at 0x0000000003efda79 to 0x0000000003f021ad
Event: 12.864 Thread 0x0000000002e22800 Implicit null exception at 0x0000000003fe8443 to 0x0000000003fe868d
Event: 15.190 Thread 0x0000000002e22800 Exception <a 'java/util/zip/ZipException'> (0x000000076ee01520) thrown at [C:\ade\jenkins\workspace\8-2-build-windows-amd64-cygwin\jdk8u241\331\hotspot\src\share\vm\prims\jni.cpp, line 710]

Events (10 events):
Event: 15.211 loading class org/apache/bcel/classfile/InnerClass
Event: 15.211 loading class org/apache/bcel/classfile/InnerClass done
Event: 15.211 loading class org/apache/bcel/classfile/InnerClass
Event: 15.211 loading class org/apache/bcel/classfile/InnerClass done
Event: 15.476 loading class org/apache/bcel/classfile/AnnotationEntry
Event: 15.476 loading class org/apache/bcel/classfile/AnnotationEntry done
Event: 15.476 loading class org/apache/bcel/classfile/AnnotationEntry
Event: 15.476 loading class org/apache/bcel/classfile/AnnotationEntry done
Event: 15.495 Thread 0x0000000002e22800 DEOPT PACKING pc=0x0000000003b535c2 sp=0x0000000002dbd6e0
Event: 15.495 Thread 0x0000000002e22800 DEOPT UNPACKING pc=0x0000000003047890 sp=0x0000000002dbd4e0 mode 0


Dynamic libraries:
0x00007ff6cc770000 - 0x00007ff6cc7a7000 	C:\Program Files\Java\jdk1.8.0_241\bin\java.exe
0x00007fff44360000 - 0x00007fff44550000 	C:\WINDOWS\SYSTEM32\ntdll.dll
0x00007fff424b0000 - 0x00007fff42562000 	C:\WINDOWS\System32\KERNEL32.DLL
0x00007fff41f10000 - 0x00007fff421b3000 	C:\WINDOWS\System32\KERNELBASE.dll
0x00007fff42570000 - 0x00007fff42613000 	C:\WINDOWS\System32\ADVAPI32.dll
0x00007fff43250000 - 0x00007fff432ee000 	C:\WINDOWS\System32\msvcrt.dll
0x00007fff440f0000 - 0x00007fff44187000 	C:\WINDOWS\System32\sechost.dll
0x00007fff42880000 - 0x00007fff429a0000 	C:\WINDOWS\System32\RPCRT4.dll
0x00007fff43c10000 - 0x00007fff43da4000 	C:\WINDOWS\System32\USER32.dll
0x00007fff421c0000 - 0x00007fff421e1000 	C:\WINDOWS\System32\win32u.dll
0x00007fff43760000 - 0x00007fff43786000 	C:\WINDOWS\System32\GDI32.dll
0x00007fff42240000 - 0x00007fff423d4000 	C:\WINDOWS\System32\gdi32full.dll
0x00007fff41b50000 - 0x00007fff41bee000 	C:\WINDOWS\System32\msvcp_win.dll
0x00007fff41e10000 - 0x00007fff41f0a000 	C:\WINDOWS\System32\ucrtbase.dll
0x00007fff2b6c0000 - 0x00007fff2b945000 	C:\WINDOWS\WinSxS\amd64_microsoft.windows.common-controls_6595b64144ccf1df_6.0.18362.720_none_e6beb5c51314836b\COMCTL32.dll
0x00007fff43db0000 - 0x00007fff440e6000 	C:\WINDOWS\System32\combase.dll
0x00007fff41ad0000 - 0x00007fff41b50000 	C:\WINDOWS\System32\bcryptPrimitives.dll
0x00007fff42470000 - 0x00007fff4249e000 	C:\WINDOWS\System32\IMM32.DLL
0x00007fff35d80000 - 0x00007fff35f76000 	C:\WINDOWS\system32\tmumh\20019\AddOn\8.53.0.1046\TmUmEvt64.dll
0x00007fff424a0000 - 0x00007fff424a8000 	C:\WINDOWS\System32\PSAPI.DLL
0x0000000066ad0000 - 0x0000000066c3e000 	C:\WINDOWS\system32\tmumh\20019\TmMon\2.8.0.1041\tmmon64.dll
0x0000000061c10000 - 0x0000000061ce2000 	C:\Program Files\Java\jdk1.8.0_241\jre\bin\msvcr100.dll
0x0000000061360000 - 0x0000000061c0c000 	C:\Program Files\Java\jdk1.8.0_241\jre\bin\server\jvm.dll
0x00007fff30b00000 - 0x00007fff30b09000 	C:\WINDOWS\SYSTEM32\WSOCK32.dll
0x00007fff43450000 - 0x00007fff434bf000 	C:\WINDOWS\System32\WS2_32.dll
0x00007fff30170000 - 0x00007fff30194000 	C:\WINDOWS\SYSTEM32\WINMM.dll
0x00007fff356d0000 - 0x00007fff356da000 	C:\WINDOWS\SYSTEM32\VERSION.dll
0x00007fff30140000 - 0x00007fff3016d000 	C:\WINDOWS\SYSTEM32\WINMMBASE.dll
0x00007fff421f0000 - 0x00007fff4223a000 	C:\WINDOWS\System32\cfgmgr32.dll
0x00007fff38360000 - 0x00007fff3836f000 	C:\Program Files\Java\jdk1.8.0_241\jre\bin\verify.dll
0x00007fff25840000 - 0x00007fff25869000 	C:\Program Files\Java\jdk1.8.0_241\jre\bin\java.dll
0x00007fff35ff0000 - 0x00007fff36006000 	C:\Program Files\Java\jdk1.8.0_241\jre\bin\zip.dll
0x00007fff429a0000 - 0x00007fff43085000 	C:\WINDOWS\System32\SHELL32.dll
0x00007fff42620000 - 0x00007fff426c9000 	C:\WINDOWS\System32\shcore.dll
0x00007fff41350000 - 0x00007fff41ad0000 	C:\WINDOWS\System32\windows.storage.dll
0x00007fff412c0000 - 0x00007fff412e3000 	C:\WINDOWS\System32\profapi.dll
0x00007fff41250000 - 0x00007fff4129a000 	C:\WINDOWS\System32\powrprof.dll
0x00007fff41220000 - 0x00007fff41230000 	C:\WINDOWS\System32\UMPDC.dll
0x00007fff434c0000 - 0x00007fff43512000 	C:\WINDOWS\System32\shlwapi.dll
0x00007fff41230000 - 0x00007fff41241000 	C:\WINDOWS\System32\kernel.appcore.dll
0x00007fff41bf0000 - 0x00007fff41c07000 	C:\WINDOWS\System32\cryptsp.dll
0x00007fff39b40000 - 0x00007fff39b4a000 	C:\Users\m.boufatah\Desktop\Dev\apache-maven-3.6.3\lib\jansi-native\windows64\jansi.dll
0x00007fff30e90000 - 0x00007fff30eaa000 	C:\Program Files\Java\jdk1.8.0_241\jre\bin\net.dll
0x00007fff409e0000 - 0x00007fff40a47000 	C:\WINDOWS\system32\mswsock.dll
0x00007fff24e90000 - 0x00007fff24ea2000 	C:\Program Files\Java\jdk1.8.0_241\jre\bin\nio.dll
0x00007fff04ba0000 - 0x00007fff04d3a000 	C:\Program Files\Java\jdk1.8.0_241\jre\bin\awt.dll
0x00007fff43670000 - 0x00007fff43734000 	C:\WINDOWS\System32\OLEAUT32.dll
0x00007fff3b300000 - 0x00007fff3b38f000 	C:\WINDOWS\SYSTEM32\apphelp.dll

VM Arguments:
jvm_args: -Dclassworlds.conf=C:\Users\m.boufatah\Desktop\Dev\apache-maven-3.6.3\bin\..\bin\m2.conf -Dmaven.home=C:\Users\m.boufatah\Desktop\Dev\apache-maven-3.6.3\bin\.. -Dlibrary.jansi.path=C:\Users\m.boufatah\Desktop\Dev\apache-maven-3.6.3\bin\..\lib\jansi-native -Dmaven.multiModuleProjectDirectory=C:\Users\m.boufatah\Desktop\Dev\workspaces\myworkspace\counter-maven-plugin 
java_command: org.codehaus.plexus.classworlds.launcher.Launcher site
java_class_path (initial): C:\Users\m.boufatah\Desktop\Dev\apache-maven-3.6.3\bin\..\boot\plexus-classworlds-2.6.0.jar
Launcher Type: SUN_STANDARD

Environment Variables:
JAVA_HOME=C:\Program Files\Java\jdk1.8.0_241
PATH=C:\Program Files (x86)\Common Files\Oracle\Java\javapath;C:\Program Files (x86)\Intel\iCLS Client\;C:\Program Files\Intel\iCLS Client\;C:\WINDOWS\system32;C:\WINDOWS;C:\WINDOWS\System32\Wbem;C:\WINDOWS\System32\WindowsPowerShell\v1.0\;C:\Program Files (x86)\Intel\Intel(R) Management Engine Components\DAL;C:\Program Files\Intel\Intel(R) Management Engine Components\DAL;C:\Program Files (x86)\Intel\Intel(R) Management Engine Components\IPT;C:\Program Files\Intel\Intel(R) Management Engine Components\IPT;C:\Program Files\Intel\WiFi\bin\;C:\Program Files\Common Files\Intel\WirelessCommon\;C:\WINDOWS\System32\OpenSSH\;C:\Program Files\Docker\Docker\resources\bin;C:\ProgramData\DockerDesktop\version-bin;C:\Users\m.boufatah\Desktop\Dev\apache-maven-3.6.3\bin;C:\Program Files\Java\jdk1.8.0_241\bin;C:\Users\m.boufatah\AppData\Local\Microsoft\WindowsApps;
USERNAME=m.boufatah
OS=Windows_NT
PROCESSOR_IDENTIFIER=Intel64 Family 6 Model 142 Stepping 10, GenuineIntel



---------------  S Y S T E M  ---------------

OS: Windows 10.0 , 64 bit Build 18362 (10.0.18362.329)

CPU:total 8 (initial active 8) (4 cores per cpu, 2 threads per core) family 6 model 142 stepping 10, cmov, cx8, fxsr, mmx, sse, sse2, sse3, ssse3, sse4.1, sse4.2, popcnt, avx, avx2, aes, clmul, erms, 3dnowpref, lzcnt, ht, tsc, tscinvbit, bmi1, bmi2, adx

Memory: 4k page, physical 16669896k(3687316k free), swap 20864200k(5368k free)

vm_info: Java HotSpot(TM) 64-Bit Server VM (25.241-b07) for windows-amd64 JRE (1.8.0_241-b07), built on Dec 11 2019 10:21:40 by "rejava" with MS VC++ 10.0 (VS2010)

time: Sun Nov 08 13:23:34 2020
timezone: Paris, Madrid
elapsed time: 15 seconds (0d 0h 0m 15s)

